<?xml version="1.0" encoding="UTF-8"?>
<!-- Generated by org.testng.reporters.JUnitReportReporter -->
<testsuite skipped="0" hostname="DESKTOP-BQK0906" name="POMTests.NewContactReqTC" tests="2" failures="0" timestamp="2021-06-27T16:44:16 IST" time="453.304" errors="0">
  <testcase name="testContactReq" time="217.765" classname="POMTests.NewContactReqTC"/>
  <system-out/>
  <testcase name="testContactReq" time="235.539" classname="POMTests.NewContactReqTC"/>
  <system-out/>
</testsuite> <!-- POMTests.NewContactReqTC -->
