<?xml version="1.0" encoding="UTF-8"?>
<!-- Generated by org.testng.reporters.JUnitReportReporter -->
<testsuite skipped="0" hostname="DESKTOP-BQK0906" name="testSelenium.TestPOMSample" tests="1" failures="0" timestamp="2021-06-26T03:32:07 PDT" time="95.081" errors="0">
  <testcase name="testContactReq" time="95.081" classname="testSelenium.TestPOMSample"/>
  <system-out/>
</testsuite> <!-- testSelenium.TestPOMSample -->
