<?xml version="1.0" encoding="UTF-8"?>
<!-- Generated by org.testng.reporters.JUnitReportReporter -->
<testsuite skipped="0" hostname="DESKTOP-BQK0906" name="POMTests.DelectContactrReqTC" tests="2" failures="0" timestamp="2021-07-03T23:09:31 IST" time="162.457" errors="0">
  <testcase name="deleteContactReq" time="113.609" classname="POMTests.DelectContactrReqTC"/>
  <system-out/>
  <testcase name="deleteContactReq" time="48.848" classname="POMTests.DelectContactrReqTC"/>
  <system-out/>
</testsuite> <!-- POMTests.DelectContactrReqTC -->
