<?xml version="1.0" encoding="UTF-8"?>
<!-- Generated by org.testng.reporters.JUnitReportReporter -->
<testsuite skipped="0" hostname="DESKTOP-BQK0906" name="POMTests.EditContactrReqSAL149" tests="2" failures="0" timestamp="2021-06-27T22:35:50 IST" time="132.806" errors="0">
  <testcase name="editContactReq" time="77.101" classname="POMTests.EditContactrReqSAL149"/>
  <system-out/>
  <testcase name="editContactReq" time="55.705" classname="POMTests.EditContactrReqSAL149"/>
  <system-out/>
</testsuite> <!-- POMTests.EditContactrReqSAL149 -->
