<?xml version="1.0" encoding="UTF-8"?>
<!-- Generated by org.testng.reporters.JUnitReportReporter -->
<testsuite skipped="0" hostname="DESKTOP-BQK0906" name="runner.RunnerDeleteContact" tests="2" failures="0" timestamp="2021-07-04T17:34:40 IST" time="200.840" errors="0">
  <testcase name="runScenario" time="103.792" classname="runner.RunnerDeleteContact"/>
  <system-out/>
  <testcase name="runScenario" time="97.048" classname="runner.RunnerDeleteContact"/>
  <system-out/>
</testsuite> <!-- runner.RunnerDeleteContact -->
