<?xml version="1.0" encoding="UTF-8"?>
<!-- Generated by org.testng.reporters.JUnitReportReporter -->
<testsuite skipped="0" hostname="DESKTOP-BQK0906" name="testSelenium.TestExtendClass" tests="1" failures="0" timestamp="2021-06-23T11:00:25 PDT" time="27.829" errors="0">
  <testcase name="simpleTest" time="27.829" classname="testSelenium.TestExtendClass"/>
  <system-out/>
</testsuite> <!-- testSelenium.TestExtendClass -->
