<?xml version="1.0" encoding="UTF-8"?>
<!-- Generated by org.testng.reporters.JUnitReportReporter -->
<testsuite skipped="0" hostname="DESKTOP-BQK0906" name="runner.RunnerDeleteContact" tests="2" failures="0" timestamp="2021-07-10T18:43:20 IST" time="102.361" errors="0">
  <testcase name="runScenario" time="57.728" classname="runner.RunnerDeleteContact"/>
  <system-out/>
  <testcase name="runScenario" time="44.633" classname="runner.RunnerDeleteContact"/>
  <system-out/>
</testsuite> <!-- runner.RunnerDeleteContact -->
