<?xml version="1.0" encoding="UTF-8"?>
<!-- Generated by org.testng.reporters.JUnitReportReporter -->
<testsuite skipped="0" hostname="DESKTOP-BQK0906" name="POMTests.NewContactReqTC" tests="1" failures="0" timestamp="2021-07-03T23:09:31 IST" time="121.318" errors="0">
  <testcase name="testContactReq" time="121.318" classname="POMTests.NewContactReqTC"/>
  <system-out/>
</testsuite> <!-- POMTests.NewContactReqTC -->
