<?xml version="1.0" encoding="UTF-8"?>
<!-- Generated by org.testng.reporters.JUnitReportReporter -->
<testsuite skipped="0" hostname="DESKTOP-BQK0906" name="runner.RunSFDCTest" tests="3" failures="0" timestamp="2021-07-04T16:23:48 IST" time="73.284" errors="0">
  <testcase name="runScenario" time="16.827" classname="runner.RunSFDCTest"/>
  <system-out/>
  <testcase name="runScenario" time="16.411" classname="runner.RunSFDCTest"/>
  <system-out/>
  <testcase name="runScenario" time="40.046" classname="runner.RunSFDCTest"/>
  <system-out/>
</testsuite> <!-- runner.RunSFDCTest -->
