<?xml version="1.0" encoding="UTF-8"?>
<!-- Generated by org.testng.reporters.JUnitReportReporter -->
<testsuite skipped="0" hostname="DESKTOP-BQK0906" name="cucumberFeatures.TestRunnerAddLocation" tests="1" failures="0" timestamp="2021-07-10T19:05:08 IST" time="63.637" errors="0">
  <testcase name="runScenario" time="63.637" classname="cucumberFeatures.TestRunnerAddLocation"/>
  <system-out/>
</testsuite> <!-- cucumberFeatures.TestRunnerAddLocation -->
