<?xml version="1.0" encoding="UTF-8"?>
<!-- Generated by org.testng.reporters.JUnitReportReporter -->
<testsuite skipped="0" hostname="DESKTOP-BQK0906" name="runner.RunSimpleTagsTest" tests="3" failures="0" timestamp="2021-07-09T22:40:25 IST" time="0.651" errors="0">
  <testcase name="runScenario" time="0.043" classname="runner.RunSimpleTagsTest"/>
  <system-out/>
  <testcase name="runScenario" time="0.053" classname="runner.RunSimpleTagsTest"/>
  <system-out/>
  <testcase name="runScenario" time="0.555" classname="runner.RunSimpleTagsTest"/>
  <system-out/>
</testsuite> <!-- runner.RunSimpleTagsTest -->
