<?xml version="1.0" encoding="UTF-8"?>
<!-- Generated by org.testng.reporters.JUnitReportReporter -->
<testsuite skipped="0" hostname="DESKTOP-BQK0906" name="runner.RunSFDCTest" tests="3" failures="0" timestamp="2021-07-10T16:52:46 IST" time="448.261" errors="0">
  <testcase name="runScenario" time="149.501" classname="runner.RunSFDCTest"/>
  <system-out/>
  <testcase name="runScenario" time="149.262" classname="runner.RunSFDCTest"/>
  <system-out/>
  <testcase name="runScenario" time="149.498" classname="runner.RunSFDCTest"/>
  <system-out/>
</testsuite> <!-- runner.RunSFDCTest -->
