<?xml version="1.0" encoding="UTF-8"?>
<!-- Generated by org.testng.reporters.JUnitReportReporter -->
<testsuite skipped="0" hostname="DESKTOP-BQK0906" name="runner.RunSimpleTagsTest" tests="2" failures="0" timestamp="2021-07-11T17:35:51 IST" time="1.044" errors="0">
  <testcase name="runScenario" time="0.957" classname="runner.RunSimpleTagsTest"/>
  <system-out/>
  <testcase name="runScenario" time="0.087" classname="runner.RunSimpleTagsTest"/>
  <system-out/>
</testsuite> <!-- runner.RunSimpleTagsTest -->
