<?xml version="1.0" encoding="UTF-8"?>
<!-- Generated by org.testng.reporters.JUnitReportReporter -->
<testsuite skipped="0" hostname="DESKTOP-BQK0906" name="POMTests.CloneContactrReqSAL152" tests="2" failures="0" timestamp="2021-06-27T23:24:07 IST" time="130.546" errors="0">
  <testcase name="cloneContactReq" time="70.411" classname="POMTests.CloneContactrReqSAL152"/>
  <system-out/>
  <testcase name="cloneContactReq" time="60.135" classname="POMTests.CloneContactrReqSAL152"/>
  <system-out/>
</testsuite> <!-- POMTests.CloneContactrReqSAL152 -->
