<?xml version="1.0" encoding="UTF-8"?>
<!-- Generated by org.testng.reporters.JUnitReportReporter -->
<testsuite skipped="0" hostname="DESKTOP-BQK0906" name="threadLocal.SimpleThreadLocalTest" tests="1" failures="0" timestamp="2021-07-03T15:52:09 IST" time="33.240" errors="0">
  <testcase name="test1" time="33.240" classname="threadLocal.SimpleThreadLocalTest"/>
  <system-out/>
</testsuite> <!-- threadLocal.SimpleThreadLocalTest -->
