<?xml version="1.0" encoding="UTF-8"?>
<!-- Generated by org.testng.reporters.JUnitReportReporter -->
<testsuite skipped="0" hostname="DESKTOP-BQK0906" name="POMTests.EditContactrReqSAL149" tests="1" failures="0" timestamp="2021-07-17T22:10:17 IST" time="143.355" errors="0">
  <testcase name="editContactReq" time="143.355" classname="POMTests.EditContactrReqSAL149"/>
  <system-out/>
</testsuite> <!-- POMTests.EditContactrReqSAL149 -->
