<?xml version="1.0" encoding="UTF-8"?>
<!-- Generated by org.testng.reporters.JUnitReportReporter -->
<testsuite skipped="0" hostname="DESKTOP-BQK0906" name="testSelenium.DelectContactrReqTC" tests="1" failures="0" timestamp="2021-06-26T05:14:26 PDT" time="65.389" errors="0">
  <testcase name="deleteContactReq" time="65.389" classname="testSelenium.DelectContactrReqTC"/>
  <system-out/>
</testsuite> <!-- testSelenium.DelectContactrReqTC -->
