<?xml version="1.0" encoding="UTF-8"?>
<!-- Generated by org.testng.reporters.JUnitReportReporter -->
<testsuite skipped="0" hostname="DESKTOP-BQK0906" name="POMTests.CloneContactrReqSAL152" tests="2" failures="0" timestamp="2021-07-18T00:04:05 IST" time="147.302" errors="0">
  <testcase name="cloneContactReq" time="60.900" classname="POMTests.CloneContactrReqSAL152"/>
  <system-out/>
  <testcase name="cloneContactReq" time="86.402" classname="POMTests.CloneContactrReqSAL152"/>
  <system-out/>
</testsuite> <!-- POMTests.CloneContactrReqSAL152 -->
