<?xml version="1.0" encoding="UTF-8"?>
<!-- Generated by org.testng.reporters.JUnitReportReporter -->
<testsuite skipped="0" hostname="DESKTOP-BQK0906" name="testSelenium.NewContactReqTC" tests="1" failures="0" timestamp="2021-06-26T05:14:26 PDT" time="108.919" errors="0">
  <testcase name="testContactReq" time="108.919" classname="testSelenium.NewContactReqTC"/>
  <system-out/>
</testsuite> <!-- testSelenium.NewContactReqTC -->
