<?xml version="1.0" encoding="UTF-8"?>
<!-- Generated by org.testng.reporters.JUnitReportReporter -->
<testsuite skipped="0" hostname="DESKTOP-BQK0906" name="POMTests.SAL120CreateLocation" tests="1" failures="0" timestamp="2021-07-10T18:32:48 IST" time="62.677" errors="0">
  <testcase name="CreateNewLocation" time="62.677" classname="POMTests.SAL120CreateLocation"/>
  <system-out/>
</testsuite> <!-- POMTests.SAL120CreateLocation -->
