<?xml version="1.0" encoding="UTF-8"?>
<!-- Generated by org.testng.reporters.JUnitReportReporter -->
<testsuite skipped="0" hostname="DESKTOP-BQK0906" name="testSelenium.SampleTestNG" tests="4" failures="0" timestamp="2021-06-26T00:14:31 PDT" time="0.058" errors="0">
  <testcase name="testSelenium" time="0.012" classname="testSelenium.SampleTestNG"/>
  <system-out/>
  <testcase name="testSelenium" time="0.007" classname="testSelenium.SampleTestNG"/>
  <system-out/>
  <testcase name="testSelenium" time="0.021" classname="testSelenium.SampleTestNG"/>
  <system-out/>
  <testcase name="sampleTest2" time="0.018" classname="testSelenium.SampleTestNG"/>
  <system-out/>
</testsuite> <!-- testSelenium.SampleTestNG -->
